  level.cpp
C:\Users\Manar\source\repos\Disney Restaurant\Disney Restaurant\level.cpp(29,56): warning C4305: 'argument': truncation from 'double' to 'T'
          with
          [
              T=float
          ]
C:\Users\Manar\source\repos\Disney Restaurant\Disney Restaurant\level.cpp(141,45): warning C4305: 'argument': truncation from 'double' to 'T'
          with
          [
              T=float
          ]
C:\Users\Manar\source\repos\Disney Restaurant\Disney Restaurant\level.cpp(146,46): warning C4305: 'argument': truncation from 'double' to 'T'
          with
          [
              T=float
          ]
C:\Users\Manar\source\repos\Disney Restaurant\Disney Restaurant\level.cpp(151,45): warning C4305: 'argument': truncation from 'double' to 'T'
          with
          [
              T=float
          ]
C:\Users\Manar\source\repos\Disney Restaurant\Disney Restaurant\level.cpp(156,47): warning C4305: 'argument': truncation from 'double' to 'T'
          with
          [
              T=float
          ]
C:\Users\Manar\source\repos\Disney Restaurant\Disney Restaurant\level.cpp(181,45): warning C4305: 'argument': truncation from 'double' to 'T'
          with
          [
              T=float
          ]
C:\Users\Manar\source\repos\Disney Restaurant\Disney Restaurant\level.cpp(185,47): warning C4305: 'argument': truncation from 'double' to 'T'
          with
          [
              T=float
          ]
C:\Users\Manar\source\repos\Disney Restaurant\Disney Restaurant\level.cpp(190,45): warning C4305: 'argument': truncation from 'double' to 'T'
          with
          [
              T=float
          ]
C:\Users\Manar\source\repos\Disney Restaurant\Disney Restaurant\level.cpp(194,47): warning C4305: 'argument': truncation from 'double' to 'T'
          with
          [
              T=float
          ]
C:\Users\Manar\source\repos\Disney Restaurant\Disney Restaurant\level.cpp(199,45): warning C4305: 'argument': truncation from 'double' to 'T'
          with
          [
              T=float
          ]
C:\Users\Manar\source\repos\Disney Restaurant\Disney Restaurant\level.cpp(203,47): warning C4305: 'argument': truncation from 'double' to 'T'
          with
          [
              T=float
          ]
C:\Users\Manar\source\repos\Disney Restaurant\Disney Restaurant\level.cpp(208,45): warning C4305: 'argument': truncation from 'double' to 'T'
          with
          [
              T=float
          ]
C:\Users\Manar\source\repos\Disney Restaurant\Disney Restaurant\level.cpp(213,47): warning C4305: 'argument': truncation from 'double' to 'T'
          with
          [
              T=float
          ]
C:\Users\Manar\source\repos\Disney Restaurant\Disney Restaurant\level.cpp(218,46): warning C4305: 'argument': truncation from 'double' to 'T'
          with
          [
              T=float
          ]
C:\Users\Manar\source\repos\Disney Restaurant\Disney Restaurant\level.cpp(223,48): warning C4305: 'argument': truncation from 'double' to 'T'
          with
          [
              T=float
          ]
C:\Users\Manar\source\repos\Disney Restaurant\Disney Restaurant\level.cpp(238,46): warning C4305: 'argument': truncation from 'double' to 'T'
          with
          [
              T=float
          ]
C:\Users\Manar\source\repos\Disney Restaurant\Disney Restaurant\level.cpp(243,48): warning C4305: 'argument': truncation from 'double' to 'T'
          with
          [
              T=float
          ]
C:\Users\Manar\source\repos\Disney Restaurant\Disney Restaurant\level.cpp(258,46): warning C4305: 'argument': truncation from 'double' to 'T'
          with
          [
              T=float
          ]
C:\Users\Manar\source\repos\Disney Restaurant\Disney Restaurant\level.cpp(263,48): warning C4305: 'argument': truncation from 'double' to 'T'
          with
          [
              T=float
          ]
C:\Users\Manar\source\repos\Disney Restaurant\Disney Restaurant\level.cpp(268,46): warning C4305: 'argument': truncation from 'double' to 'T'
          with
          [
              T=float
          ]
C:\Users\Manar\source\repos\Disney Restaurant\Disney Restaurant\level.cpp(273,48): warning C4305: 'argument': truncation from 'double' to 'T'
          with
          [
              T=float
          ]
C:\Users\Manar\source\repos\Disney Restaurant\Disney Restaurant\level.cpp(278,45): warning C4305: 'argument': truncation from 'double' to 'T'
          with
          [
              T=float
          ]
C:\Users\Manar\source\repos\Disney Restaurant\Disney Restaurant\level.cpp(283,47): warning C4305: 'argument': truncation from 'double' to 'T'
          with
          [
              T=float
          ]
C:\Users\Manar\source\repos\Disney Restaurant\Disney Restaurant\level.cpp(324,30): warning C4305: 'argument': truncation from 'double' to 'float'
C:\Users\Manar\source\repos\Disney Restaurant\Disney Restaurant\level.cpp(330,32): warning C4305: 'argument': truncation from 'double' to 'float'
C:\Users\Manar\source\repos\Disney Restaurant\Disney Restaurant\level.cpp(342,32): warning C4305: 'argument': truncation from 'double' to 'float'
C:\Users\Manar\source\repos\Disney Restaurant\Disney Restaurant\level.cpp(348,32): warning C4305: 'argument': truncation from 'double' to 'float'
C:\Users\Manar\source\repos\Disney Restaurant\Disney Restaurant\level.cpp(353,32): warning C4305: 'argument': truncation from 'double' to 'float'
C:\Users\Manar\source\repos\Disney Restaurant\Disney Restaurant\level.cpp(359,32): warning C4305: 'argument': truncation from 'double' to 'float'
C:\Users\Manar\source\repos\Disney Restaurant\Disney Restaurant\level.cpp(364,32): warning C4305: 'argument': truncation from 'double' to 'float'
C:\Users\Manar\source\repos\Disney Restaurant\Disney Restaurant\level.cpp(369,30): warning C4305: 'argument': truncation from 'double' to 'float'
C:\Users\Manar\source\repos\Disney Restaurant\Disney Restaurant\level.cpp(381,33): warning C4305: 'argument': truncation from 'double' to 'float'
C:\Users\Manar\source\repos\Disney Restaurant\Disney Restaurant\level.cpp(386,33): warning C4305: 'argument': truncation from 'double' to 'float'
C:\Users\Manar\source\repos\Disney Restaurant\Disney Restaurant\level.cpp(406,37): warning C4305: 'argument': truncation from 'double' to 'float'
C:\Users\Manar\source\repos\Disney Restaurant\Disney Restaurant\level.cpp(413,38): warning C4305: 'argument': truncation from 'double' to 'float'
C:\Users\Manar\source\repos\Disney Restaurant\Disney Restaurant\level.cpp(419,38): warning C4305: 'argument': truncation from 'double' to 'float'
C:\Users\Manar\source\repos\Disney Restaurant\Disney Restaurant\level.cpp(524,20): warning C4018: '<': signed/unsigned mismatch
C:\Users\Manar\source\repos\Disney Restaurant\Disney Restaurant\level.cpp(547,20): warning C4018: '<': signed/unsigned mismatch
C:\Users\Manar\source\repos\Disney Restaurant\Disney Restaurant\level.cpp(566,20): warning C4018: '<': signed/unsigned mismatch
C:\Users\Manar\source\repos\Disney Restaurant\Disney Restaurant\level.cpp(584,44): warning C4305: 'argument': truncation from 'double' to 'T'
          with
          [
              T=float
          ]
C:\Users\Manar\source\repos\Disney Restaurant\Disney Restaurant\level.cpp(590,44): warning C4305: 'argument': truncation from 'double' to 'T'
          with
          [
              T=float
          ]
C:\Users\Manar\source\repos\Disney Restaurant\Disney Restaurant\level.cpp(596,44): warning C4305: 'argument': truncation from 'double' to 'T'
          with
          [
              T=float
          ]
C:\Users\Manar\source\repos\Disney Restaurant\Disney Restaurant\level.cpp(602,44): warning C4305: 'argument': truncation from 'double' to 'T'
          with
          [
              T=float
          ]
C:\Users\Manar\source\repos\Disney Restaurant\Disney Restaurant\level.cpp(607,44): warning C4305: 'argument': truncation from 'double' to 'T'
          with
          [
              T=float
          ]
C:\Users\Manar\source\repos\Disney Restaurant\Disney Restaurant\level.cpp(613,44): warning C4305: 'argument': truncation from 'double' to 'T'
          with
          [
              T=float
          ]
C:\Users\Manar\source\repos\Disney Restaurant\Disney Restaurant\level.cpp(619,44): warning C4305: 'argument': truncation from 'double' to 'T'
          with
          [
              T=float
          ]
C:\Users\Manar\source\repos\Disney Restaurant\Disney Restaurant\level.cpp(625,44): warning C4305: 'argument': truncation from 'double' to 'T'
          with
          [
              T=float
          ]
C:\Users\Manar\source\repos\Disney Restaurant\Disney Restaurant\level.cpp(631,44): warning C4305: 'argument': truncation from 'double' to 'T'
          with
          [
              T=float
          ]
C:\Users\Manar\source\repos\Disney Restaurant\Disney Restaurant\level.cpp(637,44): warning C4305: 'argument': truncation from 'double' to 'T'
          with
          [
              T=float
          ]
C:\Users\Manar\source\repos\Disney Restaurant\Disney Restaurant\level.cpp(644,45): warning C4305: 'argument': truncation from 'double' to 'T'
          with
          [
              T=float
          ]
C:\Users\Manar\source\repos\Disney Restaurant\Disney Restaurant\level.cpp(650,45): warning C4305: 'argument': truncation from 'double' to 'T'
          with
          [
              T=float
          ]
C:\Users\Manar\source\repos\Disney Restaurant\Disney Restaurant\level.cpp(657,45): warning C4305: 'argument': truncation from 'double' to 'T'
          with
          [
              T=float
          ]
C:\Users\Manar\source\repos\Disney Restaurant\Disney Restaurant\level.cpp(664,45): warning C4305: 'argument': truncation from 'double' to 'T'
          with
          [
              T=float
          ]
C:\Users\Manar\source\repos\Disney Restaurant\Disney Restaurant\level.cpp(671,45): warning C4305: 'argument': truncation from 'double' to 'T'
          with
          [
              T=float
          ]
C:\Users\Manar\source\repos\Disney Restaurant\Disney Restaurant\level.cpp(678,45): warning C4305: 'argument': truncation from 'double' to 'T'
          with
          [
              T=float
          ]
C:\Users\Manar\source\repos\Disney Restaurant\Disney Restaurant\level.cpp(685,45): warning C4305: 'argument': truncation from 'double' to 'T'
          with
          [
              T=float
          ]
C:\Users\Manar\source\repos\Disney Restaurant\Disney Restaurant\level.cpp(692,45): warning C4305: 'argument': truncation from 'double' to 'T'
          with
          [
              T=float
          ]
C:\Users\Manar\source\repos\Disney Restaurant\Disney Restaurant\level.cpp(697,45): warning C4305: 'argument': truncation from 'double' to 'T'
          with
          [
              T=float
          ]
C:\Users\Manar\source\repos\Disney Restaurant\Disney Restaurant\level.cpp(708,52): warning C4305: 'argument': truncation from 'double' to 'T'
          with
          [
              T=float
          ]
C:\Users\Manar\source\repos\Disney Restaurant\Disney Restaurant\level.cpp(732,54): warning C4305: 'argument': truncation from 'double' to 'T'
          with
          [
              T=float
          ]
C:\Users\Manar\source\repos\Disney Restaurant\Disney Restaurant\level.cpp(746,43): warning C4305: 'argument': truncation from 'double' to 'T'
          with
          [
              T=float
          ]
C:\Users\Manar\source\repos\Disney Restaurant\Disney Restaurant\level.cpp(752,40): warning C4305: 'argument': truncation from 'double' to 'T'
          with
          [
              T=float
          ]
C:\Users\Manar\source\repos\Disney Restaurant\Disney Restaurant\level.cpp(757,40): warning C4305: 'argument': truncation from 'double' to 'T'
          with
          [
              T=float
          ]
C:\Users\Manar\source\repos\Disney Restaurant\Disney Restaurant\level.cpp(763,50): warning C4305: 'argument': truncation from 'double' to 'T'
          with
          [
              T=float
          ]
C:\Users\Manar\source\repos\Disney Restaurant\Disney Restaurant\level.cpp(769,50): warning C4305: 'argument': truncation from 'double' to 'T'
          with
          [
              T=float
          ]
C:\Users\Manar\source\repos\Disney Restaurant\Disney Restaurant\level.cpp(773,52): warning C4305: 'argument': truncation from 'double' to 'T'
          with
          [
              T=float
          ]
C:\Users\Manar\source\repos\Disney Restaurant\Disney Restaurant\level.cpp(777,53): warning C4305: 'argument': truncation from 'double' to 'T'
          with
          [
              T=float
          ]
C:\Users\Manar\source\repos\Disney Restaurant\Disney Restaurant\level.cpp(781,53): warning C4305: 'argument': truncation from 'double' to 'T'
          with
          [
              T=float
          ]
C:\Users\Manar\source\repos\Disney Restaurant\Disney Restaurant\level.cpp(787,50): warning C4305: 'argument': truncation from 'double' to 'T'
          with
          [
              T=float
          ]
C:\Users\Manar\source\repos\Disney Restaurant\Disney Restaurant\level.cpp(796,50): warning C4305: 'argument': truncation from 'double' to 'T'
          with
          [
              T=float
          ]
C:\Users\Manar\source\repos\Disney Restaurant\Disney Restaurant\level.cpp(801,52): warning C4305: 'argument': truncation from 'double' to 'T'
          with
          [
              T=float
          ]
C:\Users\Manar\source\repos\Disney Restaurant\Disney Restaurant\level.cpp(805,50): warning C4305: 'argument': truncation from 'double' to 'T'
          with
          [
              T=float
          ]
C:\Users\Manar\source\repos\Disney Restaurant\Disney Restaurant\level.cpp(814,50): warning C4305: 'argument': truncation from 'double' to 'T'
          with
          [
              T=float
          ]
C:\Users\Manar\source\repos\Disney Restaurant\Disney Restaurant\level.cpp(818,51): warning C4305: 'argument': truncation from 'double' to 'T'
          with
          [
              T=float
          ]
C:\Users\Manar\source\repos\Disney Restaurant\Disney Restaurant\level.cpp(826,36): warning C4305: 'argument': truncation from 'double' to 'float'
C:\Users\Manar\source\repos\Disney Restaurant\Disney Restaurant\level.cpp(828,38): warning C4305: 'argument': truncation from 'double' to 'float'
C:\Users\Manar\source\repos\Disney Restaurant\Disney Restaurant\level.cpp(832,37): warning C4305: 'argument': truncation from 'double' to 'float'
C:\Users\Manar\source\repos\Disney Restaurant\Disney Restaurant\level.cpp(834,38): warning C4305: 'argument': truncation from 'double' to 'float'
C:\Users\Manar\source\repos\Disney Restaurant\Disney Restaurant\level.cpp(838,37): warning C4305: 'argument': truncation from 'double' to 'float'
C:\Users\Manar\source\repos\Disney Restaurant\Disney Restaurant\level.cpp(840,38): warning C4305: 'argument': truncation from 'double' to 'float'
C:\Users\Manar\source\repos\Disney Restaurant\Disney Restaurant\level.cpp(1350,14): warning C4244: 'argument': conversion from 'time_t' to 'unsigned int', possible loss of data
C:\Users\Manar\source\repos\Disney Restaurant\Disney Restaurant\level.cpp(2510,22): warning C4018: '<': signed/unsigned mismatch
C:\Users\Manar\source\repos\Disney Restaurant\Disney Restaurant\level.cpp(3470,32): warning C4305: 'argument': truncation from 'double' to 'float'
C:\Users\Manar\source\repos\Disney Restaurant\Disney Restaurant\level.cpp(3480,34): warning C4305: 'argument': truncation from 'double' to 'float'
C:\Users\Manar\source\repos\Disney Restaurant\Disney Restaurant\level.cpp(3490,33): warning C4305: 'argument': truncation from 'double' to 'float'
C:\Users\Manar\source\repos\Disney Restaurant\Disney Restaurant\level.cpp(3500,32): warning C4305: 'argument': truncation from 'double' to 'float'
C:\Users\Manar\source\repos\Disney Restaurant\Disney Restaurant\level.cpp(3510,33): warning C4305: 'argument': truncation from 'double' to 'float'
C:\Users\Manar\source\repos\Disney Restaurant\Disney Restaurant\level.cpp(3520,34): warning C4305: 'argument': truncation from 'double' to 'float'
C:\Users\Manar\source\repos\Disney Restaurant\Disney Restaurant\level.cpp(3530,31): warning C4305: 'argument': truncation from 'double' to 'float'
C:\Users\Manar\source\repos\Disney Restaurant\Disney Restaurant\level.cpp(3540,36): warning C4305: 'argument': truncation from 'double' to 'float'
C:\Users\Manar\source\repos\Disney Restaurant\Disney Restaurant\level.cpp(3550,31): warning C4305: 'argument': truncation from 'double' to 'float'
C:\Users\Manar\source\repos\Disney Restaurant\Disney Restaurant\level.cpp(3560,32): warning C4305: 'argument': truncation from 'double' to 'float'
C:\Users\Manar\source\repos\Disney Restaurant\Disney Restaurant\level.cpp(3570,32): warning C4305: 'argument': truncation from 'double' to 'float'
C:\Users\Manar\source\repos\Disney Restaurant\Disney Restaurant\level.cpp(3590,46): warning C4305: 'argument': truncation from 'double' to 'T'
          with
          [
              T=float
          ]
C:\Users\Manar\source\repos\Disney Restaurant\Disney Restaurant\level.cpp(3600,46): warning C4305: 'argument': truncation from 'double' to 'T'
          with
          [
              T=float
          ]
C:\Users\Manar\source\repos\Disney Restaurant\Disney Restaurant\level.cpp(3666,40): warning C4305: 'argument': truncation from 'double' to 'T'
          with
          [
              T=float
          ]
C:\Users\Manar\source\repos\Disney Restaurant\Disney Restaurant\level.cpp(3697,33): warning C4305: 'argument': truncation from 'double' to 'float'
C:\Users\Manar\source\repos\Disney Restaurant\Disney Restaurant\level.cpp(3720,35): warning C4305: 'argument': truncation from 'double' to 'float'
C:\Users\Manar\source\repos\Disney Restaurant\Disney Restaurant\level.cpp(3729,40): warning C4305: 'argument': truncation from 'double' to 'T'
          with
          [
              T=float
          ]
C:\Users\Manar\source\repos\Disney Restaurant\Disney Restaurant\level.cpp(3760,33): warning C4305: 'argument': truncation from 'double' to 'float'
C:\Users\Manar\source\repos\Disney Restaurant\Disney Restaurant\level.cpp(3808,32): warning C4305: 'argument': truncation from 'double' to 'float'
C:\Users\Manar\source\repos\Disney Restaurant\Disney Restaurant\level.cpp(3818,34): warning C4305: 'argument': truncation from 'double' to 'float'
C:\Users\Manar\source\repos\Disney Restaurant\Disney Restaurant\level.cpp(3828,33): warning C4305: 'argument': truncation from 'double' to 'float'
C:\Users\Manar\source\repos\Disney Restaurant\Disney Restaurant\level.cpp(3838,32): warning C4305: 'argument': truncation from 'double' to 'float'
C:\Users\Manar\source\repos\Disney Restaurant\Disney Restaurant\level.cpp(3848,33): warning C4305: 'argument': truncation from 'double' to 'float'
C:\Users\Manar\source\repos\Disney Restaurant\Disney Restaurant\level.cpp(3858,34): warning C4305: 'argument': truncation from 'double' to 'float'
C:\Users\Manar\source\repos\Disney Restaurant\Disney Restaurant\level.cpp(3868,31): warning C4305: 'argument': truncation from 'double' to 'float'
C:\Users\Manar\source\repos\Disney Restaurant\Disney Restaurant\level.cpp(3878,36): warning C4305: 'argument': truncation from 'double' to 'float'
C:\Users\Manar\source\repos\Disney Restaurant\Disney Restaurant\level.cpp(3888,31): warning C4305: 'argument': truncation from 'double' to 'float'
C:\Users\Manar\source\repos\Disney Restaurant\Disney Restaurant\level.cpp(3898,32): warning C4305: 'argument': truncation from 'double' to 'float'
C:\Users\Manar\source\repos\Disney Restaurant\Disney Restaurant\level.cpp(3908,32): warning C4305: 'argument': truncation from 'double' to 'float'
C:\Users\Manar\source\repos\Disney Restaurant\Disney Restaurant\level.cpp(3928,46): warning C4305: 'argument': truncation from 'double' to 'T'
          with
          [
              T=float
          ]
C:\Users\Manar\source\repos\Disney Restaurant\Disney Restaurant\level.cpp(3938,46): warning C4305: 'argument': truncation from 'double' to 'T'
          with
          [
              T=float
          ]
C:\Users\Manar\source\repos\Disney Restaurant\Disney Restaurant\level.cpp(4004,40): warning C4305: 'argument': truncation from 'double' to 'T'
          with
          [
              T=float
          ]
C:\Users\Manar\source\repos\Disney Restaurant\Disney Restaurant\level.cpp(4035,33): warning C4305: 'argument': truncation from 'double' to 'float'
C:\Users\Manar\source\repos\Disney Restaurant\Disney Restaurant\level.cpp(4058,35): warning C4305: 'argument': truncation from 'double' to 'float'
C:\Users\Manar\source\repos\Disney Restaurant\Disney Restaurant\level.cpp(4067,40): warning C4305: 'argument': truncation from 'double' to 'T'
          with
          [
              T=float
          ]
C:\Users\Manar\source\repos\Disney Restaurant\Disney Restaurant\level.cpp(4098,33): warning C4305: 'argument': truncation from 'double' to 'float'
C:\Users\Manar\source\repos\Disney Restaurant\Disney Restaurant\level.cpp(4146,32): warning C4305: 'argument': truncation from 'double' to 'float'
C:\Users\Manar\source\repos\Disney Restaurant\Disney Restaurant\level.cpp(4156,34): warning C4305: 'argument': truncation from 'double' to 'float'
C:\Users\Manar\source\repos\Disney Restaurant\Disney Restaurant\level.cpp(4166,33): warning C4305: 'argument': truncation from 'double' to 'float'
C:\Users\Manar\source\repos\Disney Restaurant\Disney Restaurant\level.cpp(4176,32): warning C4305: 'argument': truncation from 'double' to 'float'
C:\Users\Manar\source\repos\Disney Restaurant\Disney Restaurant\level.cpp(4186,33): warning C4305: 'argument': truncation from 'double' to 'float'
C:\Users\Manar\source\repos\Disney Restaurant\Disney Restaurant\level.cpp(4196,34): warning C4305: 'argument': truncation from 'double' to 'float'
C:\Users\Manar\source\repos\Disney Restaurant\Disney Restaurant\level.cpp(4206,31): warning C4305: 'argument': truncation from 'double' to 'float'
C:\Users\Manar\source\repos\Disney Restaurant\Disney Restaurant\level.cpp(4216,36): warning C4305: 'argument': truncation from 'double' to 'float'
C:\Users\Manar\source\repos\Disney Restaurant\Disney Restaurant\level.cpp(4226,31): warning C4305: 'argument': truncation from 'double' to 'float'
C:\Users\Manar\source\repos\Disney Restaurant\Disney Restaurant\level.cpp(4236,32): warning C4305: 'argument': truncation from 'double' to 'float'
C:\Users\Manar\source\repos\Disney Restaurant\Disney Restaurant\level.cpp(4246,32): warning C4305: 'argument': truncation from 'double' to 'float'
C:\Users\Manar\source\repos\Disney Restaurant\Disney Restaurant\level.cpp(4266,46): warning C4305: 'argument': truncation from 'double' to 'T'
          with
          [
              T=float
          ]
C:\Users\Manar\source\repos\Disney Restaurant\Disney Restaurant\level.cpp(4276,46): warning C4305: 'argument': truncation from 'double' to 'T'
          with
          [
              T=float
          ]
C:\Users\Manar\source\repos\Disney Restaurant\Disney Restaurant\level.cpp(4343,40): warning C4305: 'argument': truncation from 'double' to 'T'
          with
          [
              T=float
          ]
C:\Users\Manar\source\repos\Disney Restaurant\Disney Restaurant\level.cpp(4374,33): warning C4305: 'argument': truncation from 'double' to 'float'
C:\Users\Manar\source\repos\Disney Restaurant\Disney Restaurant\level.cpp(4397,35): warning C4305: 'argument': truncation from 'double' to 'float'
C:\Users\Manar\source\repos\Disney Restaurant\Disney Restaurant\level.cpp(4406,40): warning C4305: 'argument': truncation from 'double' to 'T'
          with
          [
              T=float
          ]
C:\Users\Manar\source\repos\Disney Restaurant\Disney Restaurant\level.cpp(4437,33): warning C4305: 'argument': truncation from 'double' to 'float'
C:\Users\Manar\source\repos\Disney Restaurant\Disney Restaurant\level.cpp(4608,21): warning C4018: '<': signed/unsigned mismatch
C:\Users\Manar\source\repos\Disney Restaurant\Disney Restaurant\level.cpp(4647,80): warning C4244: '=': conversion from '__int64' to 'int', possible loss of data
C:\Users\Manar\source\repos\Disney Restaurant\Disney Restaurant\level.cpp(4663,21): warning C4018: '<': signed/unsigned mismatch
  Generating code
  1 of 524 functions ( 0.2%) were compiled, the rest were copied from previous compilation.
    0 functions were new in current compilation
    3 functions had inline decision re-evaluated but remain unchanged
  Finished generating code
  Disney Restaurant.vcxproj -> C:\Users\Manar\source\repos\Disney Restaurant\Release\Disney Restaurant.exe
